Program identifier: LWPM 2.1

Run started  on 03-18-2015 at 21:49:37
case-id lwpc                                                                                                            
tx lwpc                                                                                                                 
tx-data   NAA 24.0 44.633 67.283 1000 0                                                                                 
ionosphere lwpm Jun/15/2008 11:00                                                                                       
receivers      -12.50  76.8                                                                                             
rx-data     vertical 0                                                                                                  
range-max    6456                                                                                                       
 print-lwf 2                                                                                                            
print-swg 1                                                                                                             
start                                                                                                                   
xmtr_id                tlat    tlon   bearing  range
naa                   44.63   67.28    191.0    6456.

Path summary: bearng=191.0 range= 6456.

   nr    rho    lat     lon   azim   dip  sigma    chi  beta   h'
   1       0.  44.63   67.28 210.1  71.3 1.E-03  -68.6  0.30  74.0
   2      20.  44.46   67.33 210.0  71.2 4.E+00  -68.7  0.30  74.0
   3    2220.  24.93   71.41 197.4  56.1 4.E+00  -77.4  0.30  74.0
   4    2780.  19.95   72.21 195.3  51.2 1.E-02  -79.8  0.30  74.0
   5    3000.  17.99   72.51 194.5  49.1 4.E+00  -80.8  0.30  74.0
   6    3740.  11.40   73.48 192.2  41.2 1.E-02  -84.2  0.30  74.0
   7    3800.  10.86   73.55 192.0  40.4 1.E-03  -84.4  0.30  74.0
   8    3900.   9.97   73.68 191.7  39.3 1.E-02  -84.9  0.30  74.0
   9    4160.   7.65   74.00 191.0  36.0 3.E-03  -86.1  0.30  74.0
  10    4740.   2.48   74.72 189.4  28.1 1.E-02  -88.8  0.30  74.0
  11    5020.  -0.02   75.06 188.7  23.9 1.E-02  -90.1  0.32  76.2
  12    5400.  -3.40   75.53 187.8  17.9 1.E-02  -91.8  0.35  78.3
  13    5780.  -6.79   75.99 186.8  11.6 1.E-02  -93.6  0.37  80.5
  14    5860.  -7.51   76.09 186.6  10.2 3.E-03  -94.0  0.37  80.5
  15    6040.  -9.11   76.32 186.1   7.1 3.E-03  -94.8  0.37  80.5
  16    6180. -10.36   76.49 185.7   4.6 3.E-03  -95.4  0.39  82.7
  17    6360. -11.96   76.72 185.3   1.5 3.E-03  -96.3  0.39  82.7
  18    6440. -12.68   76.83 185.0   0.1 4.E+00  -96.6  0.39  82.7
  19    6456. -12.82   76.85 185.0  -0.2 4.E+00  -96.7  0.39  82.7
 
PRFL_HGTS:
Electron parameters:
  ht     ne       nu        x         z          w
  89.3  2.14E+03  2.77E+05  6.81E+12  1.83E+00  2.46E+07
  74.1  2.18E+02  2.72E+06  6.92E+11  1.80E+01  2.55E+05
  43.4  2.18E+00  2.72E+08  6.92E+09  1.80E+03  2.55E+01

Propagation path parameters:
  rho    lat     lon   azim    dip  bfield   sigma  epsr  beta   h'
    0.  44.63   67.28 210.14  71.33 0.5341  1.0E-03 15.0  0.30 74.00
Output from MF_DRIVER:
  84.2465  -0.6477  83.3001  -0.7755  80.8436  -1.1200  78.5926  -1.3053
  75.7678  -1.4750  74.0794  -2.2597  70.1507  -1.6427  64.9078  -1.6202
Iteration parameters:
    lub    thtinc    tolr    toli    dthtar  dthtai    deignr    deigni
   0.0079  0.0316   0.0079  0.0016   0.0158  0.0032   0.001976  0.000395
Output from SW_WVGD: LOSTM=0
  84.2464  -0.6475  83.3001  -0.7763  80.8429  -1.1200  78.5907  -1.3056
  75.7675  -1.4765  74.0824  -2.2605  70.1499  -1.6428  64.9079  -1.6205

Propagation path parameters:
  rho    lat     lon   azim    dip  bfield   sigma  epsr  beta   h'
 3800.  10.86   73.55 191.98  40.45 0.3596  1.0E-03 15.0  0.30 74.00
Output from SW_WVGD: LOSTM=2
  84.2493  -0.6405  83.2415  -0.6344  80.8435  -1.0926  78.5907  -1.3056
  75.7675  -1.4765  74.0824  -2.2605  70.1499  -1.6428

[SW_STEP] WARNING: SW_WVGD returned LOSTM=2

[SW_STEP] WARNING: Distance interval is too large for efficient extrapolation

Propagation path parameters:
  rho    lat     lon   azim    dip  bfield   sigma  epsr  beta   h'
 3800.  10.86   73.55 191.98  40.45 0.3596  1.0E-03 15.0  0.30 74.00
Output from MF_DRIVER:
  84.2493  -0.6404  83.2415  -0.6341  80.8435  -1.0924  78.4214  -0.9962
  75.8077  -1.3936  73.4109  -1.4731  70.4718  -1.7851
Iteration parameters:
    lub    thtinc    tolr    toli    dthtar  dthtai    deignr    deigni
   0.0079  0.0316   0.0079  0.0016   0.0158  0.0032   0.001976  0.000395
Output from SW_WVGD: LOSTM=0
  84.2493  -0.6405  83.2416  -0.6343  80.8435  -1.0926  78.4202  -0.9960
  75.8072  -1.3943  73.4115  -1.4736  70.4730  -1.7852

Propagation path parameters:
  rho    lat     lon   azim    dip  bfield   sigma  epsr  beta   h'
   20.  44.46   67.33 209.98  71.22 0.5336  4.0E+00 81.0  0.30 74.00
Output from MF_DRIVER:
  83.9906  -0.3517  83.2934  -0.7826  80.5440  -0.7336  78.5855  -1.3111
  75.5784  -1.2457  74.0728  -2.2862  70.0986  -1.4999  64.8393  -1.5516
Iteration parameters:
    lub    thtinc    tolr    toli    dthtar  dthtai    deignr    deigni
   0.0079  0.0316   0.0079  0.0016   0.0158  0.0032   0.001976  0.000395
Output from SW_WVGD: LOSTM=0
  83.9906  -0.3514  83.2933  -0.7833  80.5433  -0.7335  78.5835  -1.3114
  75.5781  -1.2474  74.0759  -2.2871  70.0979  -1.5002  64.8394  -1.5519

Propagation path parameters:
  rho    lat     lon   azim    dip  bfield   sigma  epsr  beta   h'
 2220.  24.93   71.41 197.37  56.10 0.4432  4.0E+00 81.0  0.30 74.00
Output from SW_WVGD: LOSTM=2
  83.9934  -0.3495  83.2533  -0.6977  80.5440  -0.7227  78.5835  -1.3114
  75.5781  -1.2474  74.0759  -2.2871  70.0979  -1.5002

[SW_STEP] WARNING: SW_WVGD returned LOSTM=2

[SW_STEP] WARNING: Distance interval is too large for efficient extrapolation

Propagation path parameters:
  rho    lat     lon   azim    dip  bfield   sigma  epsr  beta   h'
 2220.  24.93   71.41 197.37  56.10 0.4432  4.0E+00 81.0  0.30 74.00
Output from MF_DRIVER:
  83.9930  -0.3497  83.2535  -0.6975  80.5447  -0.7227  78.4650  -1.1204
  75.6083  -1.2118  73.5325  -1.7670  70.2431  -1.6493  64.6909  -1.7932
Iteration parameters:
    lub    thtinc    tolr    toli    dthtar  dthtai    deignr    deigni
   0.0079  0.0316   0.0079  0.0016   0.0158  0.0032   0.001976  0.000395
Output from SW_WVGD: LOSTM=0
  83.9934  -0.3495  83.2533  -0.6977  80.5440  -0.7227  78.4632  -1.1208
  75.6084  -1.2122  73.5340  -1.7670  70.2445  -1.6490  64.6913  -1.7934

Propagation path parameters:
  rho    lat     lon   azim    dip  bfield   sigma  epsr  beta   h'
 3000.  17.99   72.51 194.49  49.06 0.4019  4.0E+00 81.0  0.30 74.00
Output from SW_WVGD: LOSTM=2
  83.9941  -0.3485  83.2424  -0.6653  80.5458  -0.7170  78.4329  -1.0531
  75.6183  -1.1985  73.5340  -1.7670  70.2445  -1.6490

[SW_STEP] WARNING: SW_WVGD returned LOSTM=2

Interpolated path parameters:
  rho   azim    dip  bfield
 2610. 195.93  52.58 0.4226
Output from SW_WVGD: LOSTM=0
  83.9936  -0.3488  83.2470  -0.6807  80.5449  -0.7202  78.4466  -1.0852
  75.6134  -1.2060  73.4858  -1.6758  70.2785  -1.6507

Interpolated path parameters:
  rho   azim    dip  bfield
 3000. 194.49  49.06 0.4019
Output from SW_WVGD: LOSTM=0
  83.9941  -0.3485  83.2424  -0.6653  80.5458  -0.7170  78.4329  -1.0531
  75.6183  -1.1985  73.4494  -1.5993  70.3066  -1.6455

Propagation path parameters:
  rho    lat     lon   azim    dip  bfield   sigma  epsr  beta   h'
 2780.  19.95   72.21 195.25  51.17 0.4137  1.0E-02 15.0  0.30 74.00
Output from MF_DRIVER:
  84.0770  -0.4117  83.2475  -0.6729  80.6390  -0.8253  78.4449  -1.0706
  75.6712  -1.2649  73.4739  -1.6411  70.3275  -1.6976
Iteration parameters:
    lub    thtinc    tolr    toli    dthtar  dthtai    deignr    deigni
   0.0079  0.0316   0.0079  0.0016   0.0158  0.0032   0.001976  0.000395
Output from SW_WVGD: LOSTM=0
  84.0768  -0.4116  83.2472  -0.6731  80.6391  -0.8255  78.4436  -1.0705
  75.6712  -1.2657  73.4753  -1.6412  70.3293  -1.6976

Propagation path parameters:
  rho    lat     lon   azim    dip  bfield   sigma  epsr  beta   h'
 3740.  11.40   73.48 192.16  41.15 0.3627  1.0E-02 15.0  0.30 74.00
Output from SW_WVGD: LOSTM=2
  84.0784  -0.4098  83.2370  -0.6378  80.6405  -0.8177  78.4142  -0.9992
  75.6810  -1.2489  73.4753  -1.6412  70.3293  -1.6976

[SW_STEP] WARNING: SW_WVGD returned LOSTM=2

Interpolated path parameters:
  rho   azim    dip  bfield
 3260. 193.71  46.16 0.3882
Output from SW_WVGD: LOSTM=0
  84.0776  -0.4109  83.2416  -0.6541  80.6396  -0.8220  78.4275  -1.0318
  75.6759  -1.2572  73.4336  -1.5511  70.3586  -1.6898

Interpolated path parameters:
  rho   azim    dip  bfield
 3740. 192.16  41.15 0.3627
Output from SW_WVGD: LOSTM=0
  84.0784  -0.4098  83.2370  -0.6378  80.6405  -0.8177  78.4142  -0.9992
  75.6810  -1.2489  73.4027  -1.4811  70.3826  -1.6796

Propagation path parameters:
  rho    lat     lon   azim    dip  bfield   sigma  epsr  beta   h'
 3900.   9.97   73.68 191.69  39.25 0.3544  1.0E-02 15.0  0.30 74.00
Output from SW_WVGD: LOSTM=0
  84.0786  -0.4094  83.2357  -0.6327  80.6409  -0.8164  78.4105  -0.9894
  75.6825  -1.2463  73.3939  -1.4601  70.3891  -1.6759

Propagation path parameters:
  rho    lat     lon   azim    dip  bfield   sigma  epsr  beta   h'
 4740.   2.48   74.72 189.43  28.09 0.3142  1.0E-02 15.0  0.30 74.00
Output from SW_WVGD: LOSTM=0
  84.0798  -0.4075  83.2307  -0.6112  80.6429  -0.8098  78.3957  -0.9482
  75.6905  -1.2329  73.3594  -1.3766  70.4148  -1.6586

Propagation path parameters:
  rho    lat     lon   azim    dip  bfield   sigma  epsr  beta   h'
 4160.   7.65   74.00 190.97  36.02 0.3414  3.0E-03 15.0  0.30 74.00
Output from MF_DRIVER:
  84.1497  -0.4813  83.2357  -0.6245  80.7206  -0.9136  78.4091  -0.9753
  75.7335  -1.2961  73.3855  -1.4300  70.4311  -1.7101  68.2766  -1.9357
Iteration parameters:
    lub    thtinc    tolr    toli    dthtar  dthtai    deignr    deigni
   0.0079  0.0316   0.0079  0.0016   0.0158  0.0032   0.001976  0.000395
Output from SW_WVGD: LOSTM=0
  84.1497  -0.4815  83.2358  -0.6247  80.7206  -0.9139  78.4078  -0.9751
  75.7332  -1.2967  73.3863  -1.4300  70.4320  -1.7102  68.2770  -1.9356
PRFL_HGTS:
Electron parameters:
  ht     ne       nu        x         z          w
  90.5  1.78E+03  2.29E+05  5.65E+12  1.52E+00  2.46E+07
  76.2  1.56E+02  1.96E+06  4.97E+11  1.30E+01  2.54E+05
  47.4  1.16E+00  1.48E+08  3.70E+09  9.80E+02  2.50E+01

Propagation path parameters:
  rho    lat     lon   azim    dip  bfield   sigma  epsr  beta   h'
 5020.  -0.02   75.06 188.72  23.91 0.3023  1.0E-02 15.0  0.32 76.20
Output from MF_DRIVER:
  84.2697  -0.3918  83.5888  -0.5868  81.0045  -0.7329  78.9267  -0.8488
  76.2657  -1.1129  74.1169  -1.2233  71.1678  -1.4837  69.2279  -1.6128
Iteration parameters:
    lub    thtinc    tolr    toli    dthtar  dthtai    deignr    deigni
   0.0079  0.0316   0.0079  0.0016   0.0158  0.0032   0.001976  0.000395
Output from SW_WVGD: LOSTM=0
  84.2692  -0.3924  83.5886  -0.5873  81.0042  -0.7332  78.9269  -0.8488
  76.2656  -1.1133  74.1172  -1.2232  71.1684  -1.4841  69.2280  -1.6122
PRFL_HGTS:
Electron parameters:
  ht     ne       nu        x         z          w
  91.5  1.58E+03  1.99E+05  5.03E+12  1.32E+00  2.52E+07
  78.3  1.13E+02  1.44E+06  3.59E+11  9.57E+00  2.48E+05
  52.0  5.82E-01  7.49E+07  1.85E+09  4.97E+02  2.47E+01

Propagation path parameters:
  rho    lat     lon   azim    dip  bfield   sigma  epsr  beta   h'
 5400.  -3.40   75.53 187.76  17.90 0.2880  1.0E-02 15.0  0.35 78.30
Output from MF_DRIVER:
  84.4809  -0.3652  83.9749  -0.5652  81.3477  -0.6614  79.4676  -0.7207
  76.8163  -1.0047  74.8802  -1.0117  71.8828  -1.3225  70.2181  -1.2876
  66.7238  -1.6037  65.5357  -1.5506  61.2541  -1.6182
Iteration parameters:
    lub    thtinc    tolr    toli    dthtar  dthtai    deignr    deigni
   0.0079  0.0316   0.0079  0.0016   0.0158  0.0032   0.001976  0.000395
Output from SW_WVGD: LOSTM=0
  84.4806  -0.3660  83.9748  -0.5663  81.3479  -0.6629  79.4691  -0.7217
  76.8166  -1.0053  74.8807  -1.0115  71.8834  -1.3229  70.2185  -1.2871
  66.7242  -1.6037  65.5346  -1.5505  61.2500  -1.6237
PRFL_HGTS:
Electron parameters:
  ht     ne       nu        x         z          w
  92.9  1.24E+03  1.61E+05  3.95E+12  1.07E+00  2.45E+07
  80.5  8.08E+01  1.04E+06  2.57E+11  6.90E+00  2.47E+05
  55.5  3.36E-01  4.37E+07  1.07E+09  2.90E+02  2.44E+01

Propagation path parameters:
  rho    lat     lon   azim    dip  bfield   sigma  epsr  beta   h'
 5780.  -6.79   75.99 186.80  11.56 0.2759  1.0E-02 15.0  0.37 80.50
Output from MF_DRIVER:
  84.6997  -0.3280  84.3143  -0.5749  81.6287  -0.6224  79.9470  -0.6053
  77.2787  -0.9441  75.5546  -0.8083  72.4991  -1.2134  71.0908  -0.9781
  67.5051  -1.4320  66.6071  -1.1241  62.2258  -1.1253  57.4438  -0.9751
  52.4357  -0.9276  47.1433  -0.9214  41.4263  -0.9496
Iteration parameters:
    lub    thtinc    tolr    toli    dthtar  dthtai    deignr    deigni
   0.0079  0.0316   0.0079  0.0016   0.0158  0.0032   0.001976  0.000395
Output from SW_WVGD: LOSTM=0
  84.6986  -0.3297  84.3149  -0.5746  81.6291  -0.6237  79.9473  -0.6047
  77.2789  -0.9445  75.5546  -0.8081  72.4995  -1.2138  71.0908  -0.9776
  67.5079  -1.4341  66.6073  -1.1243  62.2234  -1.1279  57.4437  -0.9756
  52.4359  -0.9272  47.1421  -0.9210  41.4265  -0.9500

Propagation path parameters:
  rho    lat     lon   azim    dip  bfield   sigma  epsr  beta   h'
 5860.  -7.51   76.09 186.59  10.19 0.2736  3.0E-03 15.0  0.37 80.50
Output from MF_DRIVER:
  84.7290  -0.3751  84.3343  -0.5654  81.7095  -0.7305  79.9491  -0.5950
  77.3286  -1.0011  75.5563  -0.7944  72.5383  -1.2543  71.0912  -0.9593
  67.5467  -1.4762  66.6011  -1.0952  62.1766  -1.1331  57.4268  -0.9903
  52.4251  -0.9428  47.1347  -0.9380  41.4183  -0.9683
Iteration parameters:
    lub    thtinc    tolr    toli    dthtar  dthtai    deignr    deigni
   0.0079  0.0316   0.0079  0.0016   0.0158  0.0032   0.001976  0.000395
Output from SW_WVGD: LOSTM=0
  84.7279  -0.3770  84.3352  -0.5651  81.7099  -0.7319  79.9493  -0.5943
  77.3288  -1.0015  75.5564  -0.7944  72.5385  -1.2547  71.0911  -0.9591
  67.5467  -1.4782  66.6004  -1.0954  62.1720  -1.1351  57.4264  -0.9911
  52.4254  -0.9424  47.1336  -0.9372  41.4184  -0.9687

Propagation path parameters:
  rho    lat     lon   azim    dip  bfield   sigma  epsr  beta   h'
 6040.  -9.11   76.32 186.12   7.09 0.2690  3.0E-03 15.0  0.37 80.50
Output from SW_WVGD: LOSTM=0
  84.7276  -0.3770  84.3346  -0.5526  81.7111  -0.7252  79.9452  -0.5834
  77.3343  -0.9893  75.5488  -0.7791  72.5538  -1.2414  71.0774  -0.9393
  67.5807  -1.4696  66.5740  -1.0710  62.1089  -1.1496  57.3962  -1.0117
  52.3979  -0.9614  47.1039  -0.9568
PRFL_HGTS:
Electron parameters:
  ht     ne       nu        x         z          w
  94.5  9.81E+02  1.28E+05  3.12E+12  8.46E-01  2.45E+07
  82.7  5.78E+01  7.49E+05  1.84E+11  4.97E+00  2.46E+05
  59.1  2.05E-01  2.55E+07  6.52E+08  1.69E+02  2.56E+01

Propagation path parameters:
  rho    lat     lon   azim    dip  bfield   sigma  epsr  beta   h'
 6180. -10.36   76.49 185.75   4.65 0.2659  3.0E-03 15.0  0.39 82.70
Output from MF_DRIVER:
  84.9916  -0.3015  84.6445  -0.5869  81.9558  -0.6999  80.4082  -0.4568
  77.7424  -0.9457  76.1916  -0.5767  73.1045  -1.1414  71.9001  -0.6653
  68.2902  -1.3014  67.5801  -0.7408  63.2702  -0.7438  63.2440  -1.5219
  58.7523  -0.6560  54.0128  -0.6097  49.0199  -0.5912  43.6691  -0.5942
Iteration parameters:
    lub    thtinc    tolr    toli    dthtar  dthtai    deignr    deigni
   0.0079  0.0316   0.0079  0.0016   0.0158  0.0032   0.001976  0.000395
Output from SW_WVGD: LOSTM=0
  84.9896  -0.3032  84.6448  -0.5870  81.9564  -0.7016  80.4089  -0.4573
  77.7424  -0.9457  76.1918  -0.5768  73.1048  -1.1422  71.9003  -0.6651
  68.2913  -1.3029  67.5795  -0.7403  63.2720  -0.7459  63.2399  -1.5217
  58.7513  -0.6561  54.0131  -0.6097  49.0199  -0.5909  43.6694  -0.5943

Propagation path parameters:
  rho    lat     lon   azim    dip  bfield   sigma  epsr  beta   h'
 6360. -11.96   76.72 185.26   1.50 0.2623  3.0E-03 15.0  0.39 82.70
Output from SW_WVGD: LOSTM=0
  84.9881  -0.3020  84.6494  -0.5766  81.9599  -0.6926  80.4073  -0.4525
  77.7526  -0.9316  76.1884  -0.5720  73.1234  -1.1285  71.8931  -0.6613
  68.3193  -1.2932  67.5650  -0.7388  63.2554  -0.7617  58.7412  -0.6692
  54.0008  -0.6211  49.0035  -0.6013  43.6476  -0.6049

Propagation path parameters:
  rho    lat     lon   azim    dip  bfield   sigma  epsr  beta   h'
 6440. -12.68   76.83 185.04   0.09 0.2609  4.0E+00 81.0  0.39 82.70
Output from MF_DRIVER:
  84.9562  -0.2503  84.5893  -0.5582  81.7852  -0.4580  80.3925  -0.4619
  77.6556  -0.7903  76.1712  -0.5819  73.0633  -1.0212  71.8714  -0.6757
  68.2761  -1.1903  67.5414  -0.7673  63.2709  -0.7780  63.1979  -1.4227
  58.7426  -0.6638  53.9893  -0.6118  48.9850  -0.5901  43.6217  -0.5904
Iteration parameters:
    lub    thtinc    tolr    toli    dthtar  dthtai    deignr    deigni
   0.0079  0.0316   0.0079  0.0016   0.0158  0.0032   0.001976  0.000395
Output from SW_WVGD: LOSTM=0
  84.9551  -0.2513  84.5890  -0.5582  81.7856  -0.4593  80.3933  -0.4623
  77.6557  -0.7904  76.1715  -0.5819  73.0636  -1.0220  71.8716  -0.6755
  68.2774  -1.1922  67.5410  -0.7668  63.2760  -0.7830  63.1875  -1.4173
  58.7408  -0.6643  53.9891  -0.6122  48.9848  -0.5899  43.6219  -0.5906

Propagation path parameters:
  rho    lat     lon   azim    dip  bfield   sigma  epsr  beta   h'
 6456. -12.82   76.85 184.99  -0.19 0.2607  4.0E+00 81.0  0.39 82.70
Output from SW_WVGD: LOSTM=0
  84.9550  -0.2512  84.5893  -0.5581  81.7859  -0.4588  80.3931  -0.4626
  77.6565  -0.7894  76.1711  -0.5824  73.0648  -1.0209  71.8709  -0.6764
  68.2790  -1.1909  67.5399  -0.7682  63.2763  -0.7854  63.1874  -1.4153
  58.7409  -0.6655  53.9886  -0.6132  48.9838  -0.5907  43.6203  -0.5914

[LWP_SAVE_MC]
bearng   rlat    rlon    rrho
 191.0  -12.5    76.8   6420.
mds    lat     lon    rho    azim    dip bfield   sigma epsr  beta   hpr  ndx
  7   44.6    67.3      0.  210.1   71.3  0.534  1.E-03  15.  0.30  74.0    7.
  7   44.5    67.3     20.  210.0   71.2  0.534  4.E+00  81.  0.30  74.0    7.
  7   24.9    71.4   2220.  197.4   56.1  0.443  4.E+00  81.  0.30  74.0    7.
  7   19.9    72.2   2780.  195.3   51.2  0.414  1.E-02  15.  0.30  74.0    7.
  7   18.0    72.5   3000.  194.5   49.1  0.402  4.E+00  81.  0.30  74.0    7.
  7   11.4    73.5   3740.  192.2   41.2  0.363  1.E-02  15.  0.30  74.0    7.
  7   10.9    73.6   3800.  192.0   40.4  0.360  1.E-03  15.  0.30  74.0    7.
  7   10.0    73.7   3900.  191.7   39.3  0.354  1.E-02  15.  0.30  74.0    7.
  7    7.7    74.0   4160.  191.0   36.0  0.341  3.E-03  15.  0.30  74.0    7.
  7    2.5    74.7   4740.  189.4   28.1  0.314  1.E-02  15.  0.30  74.0    7.
  8   -0.0    75.1   5020.  188.7   23.9  0.302  1.E-02  15.  0.32  76.2    6.
 10   -3.4    75.5   5400.  187.8   17.9  0.288  1.E-02  15.  0.35  78.3    5.
 14   -6.8    76.0   5780.  186.8   11.6  0.276  1.E-02  15.  0.37  80.5    4.
 14   -7.5    76.1   5860.  186.6   10.2  0.274  3.E-03  15.  0.37  80.5    4.
 14   -9.1    76.3   6040.  186.1    7.1  0.269  3.E-03  15.  0.37  80.5    4.
 15  -10.4    76.5   6180.  185.7    4.6  0.266  3.E-03  15.  0.39  82.7    3.
 15  -12.0    76.7   6360.  185.3    1.5  0.262  3.E-03  15.  0.39  82.7    3.
 16  -12.7    76.8   6440.  185.0    0.1  0.261  4.E+00  81.  0.39  82.7    3.
 16  -12.8    76.8   6456.  185.0   -0.2  0.261  4.E+00  81.  0.39  82.7    3.
      99.0

LWFields

OpArea Grid
quit                                                                                                                    

Run finished on 03-18-2015 at 21:49:38
